[0.394s] Invoking command in '/home/dhaksana/ros2_ws/build/ros2_camera_lidar_fusion': PYTHONPATH=/home/dhaksana/ros2_ws/build/ros2_camera_lidar_fusion/prefix_override:/usr/lib/python3/dist-packages/colcon_core/task/python/colcon_distutils_commands:/home/dhaksana/ros2_ws/install/ros2_camera_lidar_fusion/lib/python3.10/site-packages:${PYTHONPATH} /usr/bin/python3 -W ignore:setup.py install is deprecated -W ignore:easy_install command is deprecated setup.py develop --editable --build-directory /home/dhaksana/ros2_ws/build/ros2_camera_lidar_fusion/build --no-deps symlink_data
[0.544s] running develop
[0.624s] running egg_info
[0.624s] creating ros2_camera_lidar_fusion.egg-info
[0.624s] writing ros2_camera_lidar_fusion.egg-info/PKG-INFO
[0.624s] writing dependency_links to ros2_camera_lidar_fusion.egg-info/dependency_links.txt
[0.625s] writing entry points to ros2_camera_lidar_fusion.egg-info/entry_points.txt
[0.625s] writing requirements to ros2_camera_lidar_fusion.egg-info/requires.txt
[0.625s] writing top-level names to ros2_camera_lidar_fusion.egg-info/top_level.txt
[0.625s] writing manifest file 'ros2_camera_lidar_fusion.egg-info/SOURCES.txt'
[0.625s] reading manifest file 'ros2_camera_lidar_fusion.egg-info/SOURCES.txt'
[0.626s] writing manifest file 'ros2_camera_lidar_fusion.egg-info/SOURCES.txt'
[0.626s] running build_ext
[0.627s] Creating /home/dhaksana/ros2_ws/install/ros2_camera_lidar_fusion/lib/python3.10/site-packages/ros2-camera-lidar-fusion.egg-link (link to .)
[0.627s] Installing extract_points script to /home/dhaksana/ros2_ws/install/ros2_camera_lidar_fusion/lib/ros2_camera_lidar_fusion
[0.627s] Installing get_extrinsic_camera_calibration script to /home/dhaksana/ros2_ws/install/ros2_camera_lidar_fusion/lib/ros2_camera_lidar_fusion
[0.627s] Installing get_intrinsic_camera_calibration script to /home/dhaksana/ros2_ws/install/ros2_camera_lidar_fusion/lib/ros2_camera_lidar_fusion
[0.627s] Installing lidar_camera_projection script to /home/dhaksana/ros2_ws/install/ros2_camera_lidar_fusion/lib/ros2_camera_lidar_fusion
[0.627s] Installing save_data script to /home/dhaksana/ros2_ws/install/ros2_camera_lidar_fusion/lib/ros2_camera_lidar_fusion
[0.627s] 
[0.628s] Installed /home/dhaksana/ros2_ws/build/ros2_camera_lidar_fusion
[0.628s] running symlink_data
[0.628s] creating /home/dhaksana/ros2_ws/install/ros2_camera_lidar_fusion/share/ament_index
[0.628s] creating /home/dhaksana/ros2_ws/install/ros2_camera_lidar_fusion/share/ament_index/resource_index
[0.628s] creating /home/dhaksana/ros2_ws/install/ros2_camera_lidar_fusion/share/ament_index/resource_index/packages
[0.628s] symbolically linking /home/dhaksana/ros2_ws/build/ros2_camera_lidar_fusion/resource/ros2_camera_lidar_fusion -> /home/dhaksana/ros2_ws/install/ros2_camera_lidar_fusion/share/ament_index/resource_index/packages
[0.628s] symbolically linking /home/dhaksana/ros2_ws/build/ros2_camera_lidar_fusion/package.xml -> /home/dhaksana/ros2_ws/install/ros2_camera_lidar_fusion/share/ros2_camera_lidar_fusion
[0.628s] creating /home/dhaksana/ros2_ws/install/ros2_camera_lidar_fusion/share/ros2_camera_lidar_fusion/config
[0.628s] symbolically linking /home/dhaksana/ros2_ws/build/ros2_camera_lidar_fusion/config/general_configuration.yaml -> /home/dhaksana/ros2_ws/install/ros2_camera_lidar_fusion/share/ros2_camera_lidar_fusion/config
[0.644s] Invoked command in '/home/dhaksana/ros2_ws/build/ros2_camera_lidar_fusion' returned '0': PYTHONPATH=/home/dhaksana/ros2_ws/build/ros2_camera_lidar_fusion/prefix_override:/usr/lib/python3/dist-packages/colcon_core/task/python/colcon_distutils_commands:/home/dhaksana/ros2_ws/install/ros2_camera_lidar_fusion/lib/python3.10/site-packages:${PYTHONPATH} /usr/bin/python3 -W ignore:setup.py install is deprecated -W ignore:easy_install command is deprecated setup.py develop --editable --build-directory /home/dhaksana/ros2_ws/build/ros2_camera_lidar_fusion/build --no-deps symlink_data
