[0.057s] DEBUG:colcon:Command line arguments: ['/usr/bin/colcon', 'build', '--symlink-install']
[0.057s] DEBUG:colcon:Parsed command line arguments: Namespace(log_base=None, log_level=None, verb_name='build', build_base='build', install_base='install', merge_install=False, symlink_install=True, test_result_base=None, continue_on_error=False, executor='parallel', parallel_workers=16, event_handlers=None, ignore_user_meta=False, metas=['./colcon.meta'], base_paths=['.'], packages_ignore=None, packages_ignore_regex=None, paths=None, packages_up_to=None, packages_up_to_regex=None, packages_above=None, packages_above_and_dependencies=None, packages_above_depth=None, packages_select_by_dep=None, packages_skip_by_dep=None, packages_skip_up_to=None, packages_select_build_failed=False, packages_skip_build_finished=False, packages_select_test_failures=False, packages_skip_test_passed=False, packages_select=None, packages_skip=None, packages_select_regex=None, packages_skip_regex=None, packages_start=None, packages_end=None, allow_overriding=[], cmake_args=None, cmake_target=None, cmake_target_skip_unavailable=False, cmake_clean_cache=False, cmake_clean_first=False, cmake_force_configure=False, ament_cmake_args=None, catkin_cmake_args=None, catkin_skip_building_tests=False, mixin_files=None, mixin=None, verb_parser=<colcon_mixin.mixin.mixin_argument.MixinArgumentDecorator object at 0x7311a375dcc0>, verb_extension=<colcon_core.verb.build.BuildVerb object at 0x7311a38e7220>, main=<bound method BuildVerb.main of <colcon_core.verb.build.BuildVerb object at 0x7311a38e7220>>, mixin_verb=('build',))
[0.136s] Level 1:colcon.colcon_core.package_discovery:discover_packages(colcon_meta) check parameters
[0.136s] Level 1:colcon.colcon_core.package_discovery:discover_packages(recursive) check parameters
[0.136s] Level 1:colcon.colcon_core.package_discovery:discover_packages(ignore) check parameters
[0.136s] Level 1:colcon.colcon_core.package_discovery:discover_packages(path) check parameters
[0.136s] Level 1:colcon.colcon_core.package_discovery:discover_packages(colcon_meta) discover
[0.136s] Level 1:colcon.colcon_core.package_discovery:discover_packages(recursive) discover
[0.136s] INFO:colcon.colcon_core.package_discovery:Crawling recursively for packages in '/home/dhaksana/ros2_ws'
[0.136s] Level 1:colcon.colcon_core.package_identification:_identify(.) by extensions ['ignore', 'ignore_ament_install']
[0.136s] Level 1:colcon.colcon_core.package_identification:_identify(.) by extension 'ignore'
[0.136s] Level 1:colcon.colcon_core.package_identification:_identify(.) by extension 'ignore_ament_install'
[0.136s] Level 1:colcon.colcon_core.package_identification:_identify(.) by extensions ['colcon_pkg']
[0.136s] Level 1:colcon.colcon_core.package_identification:_identify(.) by extension 'colcon_pkg'
[0.136s] Level 1:colcon.colcon_core.package_identification:_identify(.) by extensions ['colcon_meta']
[0.136s] Level 1:colcon.colcon_core.package_identification:_identify(.) by extension 'colcon_meta'
[0.137s] Level 1:colcon.colcon_core.package_identification:_identify(.) by extensions ['ros']
[0.137s] Level 1:colcon.colcon_core.package_identification:_identify(.) by extension 'ros'
[0.143s] Level 1:colcon.colcon_core.package_identification:_identify(.) by extensions ['cmake', 'python']
[0.143s] Level 1:colcon.colcon_core.package_identification:_identify(.) by extension 'cmake'
[0.143s] Level 1:colcon.colcon_core.package_identification:_identify(.) by extension 'python'
[0.143s] Level 1:colcon.colcon_core.package_identification:_identify(.) by extensions ['python_setup_py']
[0.143s] Level 1:colcon.colcon_core.package_identification:_identify(.) by extension 'python_setup_py'
[0.143s] Level 1:colcon.colcon_core.package_identification:_identify(build) by extensions ['ignore', 'ignore_ament_install']
[0.143s] Level 1:colcon.colcon_core.package_identification:_identify(build) by extension 'ignore'
[0.143s] Level 1:colcon.colcon_core.package_identification:_identify(build) ignored
[0.143s] Level 1:colcon.colcon_core.package_identification:_identify(distort2-old(not in use)) by extensions ['ignore', 'ignore_ament_install']
[0.143s] Level 1:colcon.colcon_core.package_identification:_identify(distort2-old(not in use)) by extension 'ignore'
[0.143s] Level 1:colcon.colcon_core.package_identification:_identify(distort2-old(not in use)) by extension 'ignore_ament_install'
[0.143s] Level 1:colcon.colcon_core.package_identification:_identify(distort2-old(not in use)) by extensions ['colcon_pkg']
[0.143s] Level 1:colcon.colcon_core.package_identification:_identify(distort2-old(not in use)) by extension 'colcon_pkg'
[0.143s] Level 1:colcon.colcon_core.package_identification:_identify(distort2-old(not in use)) by extensions ['colcon_meta']
[0.143s] Level 1:colcon.colcon_core.package_identification:_identify(distort2-old(not in use)) by extension 'colcon_meta'
[0.143s] Level 1:colcon.colcon_core.package_identification:_identify(distort2-old(not in use)) by extensions ['ros']
[0.143s] Level 1:colcon.colcon_core.package_identification:_identify(distort2-old(not in use)) by extension 'ros'
[0.143s] Level 1:colcon.colcon_core.package_identification:_identify(distort2-old(not in use)) by extensions ['cmake', 'python']
[0.143s] Level 1:colcon.colcon_core.package_identification:_identify(distort2-old(not in use)) by extension 'cmake'
[0.143s] Level 1:colcon.colcon_core.package_identification:_identify(distort2-old(not in use)) by extension 'python'
[0.143s] Level 1:colcon.colcon_core.package_identification:_identify(distort2-old(not in use)) by extensions ['python_setup_py']
[0.143s] Level 1:colcon.colcon_core.package_identification:_identify(distort2-old(not in use)) by extension 'python_setup_py'
[0.143s] Level 1:colcon.colcon_core.package_identification:_identify(distort3) by extensions ['ignore', 'ignore_ament_install']
[0.143s] Level 1:colcon.colcon_core.package_identification:_identify(distort3) by extension 'ignore'
[0.143s] Level 1:colcon.colcon_core.package_identification:_identify(distort3) by extension 'ignore_ament_install'
[0.143s] Level 1:colcon.colcon_core.package_identification:_identify(distort3) by extensions ['colcon_pkg']
[0.143s] Level 1:colcon.colcon_core.package_identification:_identify(distort3) by extension 'colcon_pkg'
[0.143s] Level 1:colcon.colcon_core.package_identification:_identify(distort3) by extensions ['colcon_meta']
[0.143s] Level 1:colcon.colcon_core.package_identification:_identify(distort3) by extension 'colcon_meta'
[0.143s] Level 1:colcon.colcon_core.package_identification:_identify(distort3) by extensions ['ros']
[0.143s] Level 1:colcon.colcon_core.package_identification:_identify(distort3) by extension 'ros'
[0.143s] Level 1:colcon.colcon_core.package_identification:_identify(distort3) by extensions ['cmake', 'python']
[0.143s] Level 1:colcon.colcon_core.package_identification:_identify(distort3) by extension 'cmake'
[0.143s] Level 1:colcon.colcon_core.package_identification:_identify(distort3) by extension 'python'
[0.143s] Level 1:colcon.colcon_core.package_identification:_identify(distort3) by extensions ['python_setup_py']
[0.143s] Level 1:colcon.colcon_core.package_identification:_identify(distort3) by extension 'python_setup_py'
[0.143s] Level 1:colcon.colcon_core.package_identification:_identify(install) by extensions ['ignore', 'ignore_ament_install']
[0.144s] Level 1:colcon.colcon_core.package_identification:_identify(install) by extension 'ignore'
[0.144s] Level 1:colcon.colcon_core.package_identification:_identify(install) ignored
[0.144s] Level 1:colcon.colcon_core.package_identification:_identify(log) by extensions ['ignore', 'ignore_ament_install']
[0.144s] Level 1:colcon.colcon_core.package_identification:_identify(log) by extension 'ignore'
[0.144s] Level 1:colcon.colcon_core.package_identification:_identify(log) ignored
[0.144s] Level 1:colcon.colcon_core.package_identification:_identify(src) by extensions ['ignore', 'ignore_ament_install']
[0.144s] Level 1:colcon.colcon_core.package_identification:_identify(src) by extension 'ignore'
[0.144s] Level 1:colcon.colcon_core.package_identification:_identify(src) by extension 'ignore_ament_install'
[0.144s] Level 1:colcon.colcon_core.package_identification:_identify(src) by extensions ['colcon_pkg']
[0.144s] Level 1:colcon.colcon_core.package_identification:_identify(src) by extension 'colcon_pkg'
[0.144s] Level 1:colcon.colcon_core.package_identification:_identify(src) by extensions ['colcon_meta']
[0.144s] Level 1:colcon.colcon_core.package_identification:_identify(src) by extension 'colcon_meta'
[0.144s] Level 1:colcon.colcon_core.package_identification:_identify(src) by extensions ['ros']
[0.144s] Level 1:colcon.colcon_core.package_identification:_identify(src) by extension 'ros'
[0.144s] Level 1:colcon.colcon_core.package_identification:_identify(src) by extensions ['cmake', 'python']
[0.144s] Level 1:colcon.colcon_core.package_identification:_identify(src) by extension 'cmake'
[0.144s] Level 1:colcon.colcon_core.package_identification:_identify(src) by extension 'python'
[0.144s] Level 1:colcon.colcon_core.package_identification:_identify(src) by extensions ['python_setup_py']
[0.144s] Level 1:colcon.colcon_core.package_identification:_identify(src) by extension 'python_setup_py'
[0.144s] Level 1:colcon.colcon_core.package_identification:_identify(src/ros2_camera_lidar_fusion) by extensions ['ignore', 'ignore_ament_install']
[0.144s] Level 1:colcon.colcon_core.package_identification:_identify(src/ros2_camera_lidar_fusion) by extension 'ignore'
[0.144s] Level 1:colcon.colcon_core.package_identification:_identify(src/ros2_camera_lidar_fusion) by extension 'ignore_ament_install'
[0.144s] Level 1:colcon.colcon_core.package_identification:_identify(src/ros2_camera_lidar_fusion) by extensions ['colcon_pkg']
[0.144s] Level 1:colcon.colcon_core.package_identification:_identify(src/ros2_camera_lidar_fusion) by extension 'colcon_pkg'
[0.144s] Level 1:colcon.colcon_core.package_identification:_identify(src/ros2_camera_lidar_fusion) by extensions ['colcon_meta']
[0.144s] Level 1:colcon.colcon_core.package_identification:_identify(src/ros2_camera_lidar_fusion) by extension 'colcon_meta'
[0.144s] Level 1:colcon.colcon_core.package_identification:_identify(src/ros2_camera_lidar_fusion) by extensions ['ros']
[0.144s] Level 1:colcon.colcon_core.package_identification:_identify(src/ros2_camera_lidar_fusion) by extension 'ros'
[0.145s] DEBUG:colcon.colcon_core.package_identification:Package 'src/ros2_camera_lidar_fusion' with type 'ros.ament_python' and name 'ros2_camera_lidar_fusion'
[0.146s] Level 1:colcon.colcon_core.package_identification:_identify(undistorted_annotated) by extensions ['ignore', 'ignore_ament_install']
[0.146s] Level 1:colcon.colcon_core.package_identification:_identify(undistorted_annotated) by extension 'ignore'
[0.146s] Level 1:colcon.colcon_core.package_identification:_identify(undistorted_annotated) by extension 'ignore_ament_install'
[0.146s] Level 1:colcon.colcon_core.package_identification:_identify(undistorted_annotated) by extensions ['colcon_pkg']
[0.146s] Level 1:colcon.colcon_core.package_identification:_identify(undistorted_annotated) by extension 'colcon_pkg'
[0.146s] Level 1:colcon.colcon_core.package_identification:_identify(undistorted_annotated) by extensions ['colcon_meta']
[0.146s] Level 1:colcon.colcon_core.package_identification:_identify(undistorted_annotated) by extension 'colcon_meta'
[0.146s] Level 1:colcon.colcon_core.package_identification:_identify(undistorted_annotated) by extensions ['ros']
[0.146s] Level 1:colcon.colcon_core.package_identification:_identify(undistorted_annotated) by extension 'ros'
[0.146s] Level 1:colcon.colcon_core.package_identification:_identify(undistorted_annotated) by extensions ['cmake', 'python']
[0.146s] Level 1:colcon.colcon_core.package_identification:_identify(undistorted_annotated) by extension 'cmake'
[0.146s] Level 1:colcon.colcon_core.package_identification:_identify(undistorted_annotated) by extension 'python'
[0.146s] Level 1:colcon.colcon_core.package_identification:_identify(undistorted_annotated) by extensions ['python_setup_py']
[0.146s] Level 1:colcon.colcon_core.package_identification:_identify(undistorted_annotated) by extension 'python_setup_py'
[0.146s] Level 1:colcon.colcon_core.package_discovery:discover_packages(recursive) using defaults
[0.146s] Level 1:colcon.colcon_core.package_discovery:discover_packages(ignore) discover
[0.146s] Level 1:colcon.colcon_core.package_discovery:discover_packages(ignore) using defaults
[0.146s] Level 1:colcon.colcon_core.package_discovery:discover_packages(path) discover
[0.146s] Level 1:colcon.colcon_core.package_discovery:discover_packages(path) using defaults
[0.163s] Level 1:colcon.colcon_core.package_discovery:discover_packages(prefix_path) check parameters
[0.163s] Level 1:colcon.colcon_core.package_discovery:discover_packages(prefix_path) discover
[0.164s] DEBUG:colcon.colcon_installed_package_information.package_discovery:Found 1 installed packages in /home/dhaksana/Documents/ros/install
[0.164s] DEBUG:colcon.colcon_installed_package_information.package_discovery:Found 0 installed packages in /home/dhaksana/ros2_ws/install
[0.164s] DEBUG:colcon.colcon_installed_package_information.package_discovery:Found 1 installed packages in /home/dhaksana/real_lidar/install
[0.165s] DEBUG:colcon.colcon_installed_package_information.package_discovery:Found 289 installed packages in /opt/ros/humble
[0.166s] Level 1:colcon.colcon_core.package_discovery:discover_packages(prefix_path) using defaults
[0.184s] Level 5:colcon.colcon_core.verb:set package 'ros2_camera_lidar_fusion' build argument 'cmake_args' from command line to 'None'
[0.184s] Level 5:colcon.colcon_core.verb:set package 'ros2_camera_lidar_fusion' build argument 'cmake_target' from command line to 'None'
[0.184s] Level 5:colcon.colcon_core.verb:set package 'ros2_camera_lidar_fusion' build argument 'cmake_target_skip_unavailable' from command line to 'False'
[0.184s] Level 5:colcon.colcon_core.verb:set package 'ros2_camera_lidar_fusion' build argument 'cmake_clean_cache' from command line to 'False'
[0.184s] Level 5:colcon.colcon_core.verb:set package 'ros2_camera_lidar_fusion' build argument 'cmake_clean_first' from command line to 'False'
[0.184s] Level 5:colcon.colcon_core.verb:set package 'ros2_camera_lidar_fusion' build argument 'cmake_force_configure' from command line to 'False'
[0.184s] Level 5:colcon.colcon_core.verb:set package 'ros2_camera_lidar_fusion' build argument 'ament_cmake_args' from command line to 'None'
[0.184s] Level 5:colcon.colcon_core.verb:set package 'ros2_camera_lidar_fusion' build argument 'catkin_cmake_args' from command line to 'None'
[0.184s] Level 5:colcon.colcon_core.verb:set package 'ros2_camera_lidar_fusion' build argument 'catkin_skip_building_tests' from command line to 'False'
[0.184s] DEBUG:colcon.colcon_core.verb:Building package 'ros2_camera_lidar_fusion' with the following arguments: {'ament_cmake_args': None, 'build_base': '/home/dhaksana/ros2_ws/build/ros2_camera_lidar_fusion', 'catkin_cmake_args': None, 'catkin_skip_building_tests': False, 'cmake_args': None, 'cmake_clean_cache': False, 'cmake_clean_first': False, 'cmake_force_configure': False, 'cmake_target': None, 'cmake_target_skip_unavailable': False, 'install_base': '/home/dhaksana/ros2_ws/install/ros2_camera_lidar_fusion', 'merge_install': False, 'path': '/home/dhaksana/ros2_ws/src/ros2_camera_lidar_fusion', 'symlink_install': True, 'test_result_base': None}
[0.184s] INFO:colcon.colcon_core.executor:Executing jobs using 'parallel' executor
[0.185s] DEBUG:colcon.colcon_parallel_executor.executor.parallel:run_until_complete
[0.185s] INFO:colcon.colcon_ros.task.ament_python.build:Building ROS package in '/home/dhaksana/ros2_ws/src/ros2_camera_lidar_fusion' with build type 'ament_python'
[0.185s] Level 1:colcon.colcon_core.shell:create_environment_hook('ros2_camera_lidar_fusion', 'ament_prefix_path')
[0.186s] INFO:colcon.colcon_core.plugin_system:Skipping extension 'colcon_core.shell.bat': Not used on non-Windows systems
[0.186s] INFO:colcon.colcon_core.shell:Creating environment hook '/home/dhaksana/ros2_ws/install/ros2_camera_lidar_fusion/share/ros2_camera_lidar_fusion/hook/ament_prefix_path.ps1'
[0.188s] INFO:colcon.colcon_core.shell:Creating environment descriptor '/home/dhaksana/ros2_ws/install/ros2_camera_lidar_fusion/share/ros2_camera_lidar_fusion/hook/ament_prefix_path.dsv'
[0.189s] INFO:colcon.colcon_core.shell:Creating environment hook '/home/dhaksana/ros2_ws/install/ros2_camera_lidar_fusion/share/ros2_camera_lidar_fusion/hook/ament_prefix_path.sh'
[0.190s] INFO:colcon.colcon_core.shell:Skip shell extension 'powershell' for command environment: Not usable outside of PowerShell
[0.190s] DEBUG:colcon.colcon_core.shell:Skip shell extension 'dsv' for command environment
[0.340s] INFO:colcon.colcon_core.task.python.build:Building Python package in '/home/dhaksana/ros2_ws/src/ros2_camera_lidar_fusion'
[0.341s] INFO:colcon.colcon_core.shell:Skip shell extension 'powershell' for command environment: Not usable outside of PowerShell
[0.341s] DEBUG:colcon.colcon_core.shell:Skip shell extension 'dsv' for command environment
[0.579s] DEBUG:colcon.colcon_core.event_handler.log_command:Invoking command in '/home/dhaksana/ros2_ws/build/ros2_camera_lidar_fusion': PYTHONPATH=/home/dhaksana/ros2_ws/build/ros2_camera_lidar_fusion/prefix_override:/usr/lib/python3/dist-packages/colcon_core/task/python/colcon_distutils_commands:/home/dhaksana/ros2_ws/install/ros2_camera_lidar_fusion/lib/python3.10/site-packages:${PYTHONPATH} /usr/bin/python3 -W ignore:setup.py install is deprecated -W ignore:easy_install command is deprecated setup.py develop --editable --build-directory /home/dhaksana/ros2_ws/build/ros2_camera_lidar_fusion/build --no-deps symlink_data
[0.828s] Level 1:colcon.colcon_core.shell:create_environment_hook('ros2_camera_lidar_fusion', 'pythonpath_develop')
[0.828s] INFO:colcon.colcon_core.shell:Creating environment hook '/home/dhaksana/ros2_ws/build/ros2_camera_lidar_fusion/share/ros2_camera_lidar_fusion/hook/pythonpath_develop.ps1'
[0.829s] DEBUG:colcon.colcon_core.event_handler.log_command:Invoked command in '/home/dhaksana/ros2_ws/build/ros2_camera_lidar_fusion' returned '0': PYTHONPATH=/home/dhaksana/ros2_ws/build/ros2_camera_lidar_fusion/prefix_override:/usr/lib/python3/dist-packages/colcon_core/task/python/colcon_distutils_commands:/home/dhaksana/ros2_ws/install/ros2_camera_lidar_fusion/lib/python3.10/site-packages:${PYTHONPATH} /usr/bin/python3 -W ignore:setup.py install is deprecated -W ignore:easy_install command is deprecated setup.py develop --editable --build-directory /home/dhaksana/ros2_ws/build/ros2_camera_lidar_fusion/build --no-deps symlink_data
[0.829s] INFO:colcon.colcon_core.shell:Creating environment descriptor '/home/dhaksana/ros2_ws/build/ros2_camera_lidar_fusion/share/ros2_camera_lidar_fusion/hook/pythonpath_develop.dsv'
[0.830s] INFO:colcon.colcon_core.shell:Creating environment hook '/home/dhaksana/ros2_ws/build/ros2_camera_lidar_fusion/share/ros2_camera_lidar_fusion/hook/pythonpath_develop.sh'
[0.834s] Level 1:colcon.colcon_core.environment:checking '/home/dhaksana/ros2_ws/install/ros2_camera_lidar_fusion' for CMake module files
[0.834s] Level 1:colcon.colcon_core.environment:checking '/home/dhaksana/ros2_ws/install/ros2_camera_lidar_fusion' for CMake config files
[0.834s] Level 1:colcon.colcon_core.environment:checking '/home/dhaksana/ros2_ws/install/ros2_camera_lidar_fusion/lib'
[0.834s] Level 1:colcon.colcon_core.environment:checking '/home/dhaksana/ros2_ws/install/ros2_camera_lidar_fusion/bin'
[0.834s] Level 1:colcon.colcon_core.environment:checking '/home/dhaksana/ros2_ws/install/ros2_camera_lidar_fusion/lib/pkgconfig/ros2_camera_lidar_fusion.pc'
[0.834s] Level 1:colcon.colcon_core.environment:checking '/home/dhaksana/ros2_ws/install/ros2_camera_lidar_fusion/lib/python3.10/site-packages'
[0.834s] Level 1:colcon.colcon_core.shell:create_environment_hook('ros2_camera_lidar_fusion', 'pythonpath')
[0.835s] INFO:colcon.colcon_core.shell:Creating environment hook '/home/dhaksana/ros2_ws/install/ros2_camera_lidar_fusion/share/ros2_camera_lidar_fusion/hook/pythonpath.ps1'
[0.835s] INFO:colcon.colcon_core.shell:Creating environment descriptor '/home/dhaksana/ros2_ws/install/ros2_camera_lidar_fusion/share/ros2_camera_lidar_fusion/hook/pythonpath.dsv'
[0.835s] INFO:colcon.colcon_core.shell:Creating environment hook '/home/dhaksana/ros2_ws/install/ros2_camera_lidar_fusion/share/ros2_camera_lidar_fusion/hook/pythonpath.sh'
[0.835s] Level 1:colcon.colcon_core.environment:checking '/home/dhaksana/ros2_ws/install/ros2_camera_lidar_fusion/bin'
[0.835s] Level 1:colcon.colcon_core.environment:create_environment_scripts_only(ros2_camera_lidar_fusion)
[0.835s] INFO:colcon.colcon_core.shell:Creating package script '/home/dhaksana/ros2_ws/install/ros2_camera_lidar_fusion/share/ros2_camera_lidar_fusion/package.ps1'
[0.836s] INFO:colcon.colcon_core.shell:Creating package descriptor '/home/dhaksana/ros2_ws/install/ros2_camera_lidar_fusion/share/ros2_camera_lidar_fusion/package.dsv'
[0.836s] INFO:colcon.colcon_core.shell:Creating package script '/home/dhaksana/ros2_ws/install/ros2_camera_lidar_fusion/share/ros2_camera_lidar_fusion/package.sh'
[0.837s] INFO:colcon.colcon_core.shell:Creating package script '/home/dhaksana/ros2_ws/install/ros2_camera_lidar_fusion/share/ros2_camera_lidar_fusion/package.bash'
[0.838s] INFO:colcon.colcon_core.shell:Creating package script '/home/dhaksana/ros2_ws/install/ros2_camera_lidar_fusion/share/ros2_camera_lidar_fusion/package.zsh'
[0.838s] Level 1:colcon.colcon_core.environment:create_file_with_runtime_dependencies(/home/dhaksana/ros2_ws/install/ros2_camera_lidar_fusion/share/colcon-core/packages/ros2_camera_lidar_fusion)
[0.838s] DEBUG:colcon.colcon_parallel_executor.executor.parallel:closing loop
[0.839s] DEBUG:colcon.colcon_parallel_executor.executor.parallel:loop closed
[0.839s] DEBUG:colcon.colcon_parallel_executor.executor.parallel:run_until_complete finished with '0'
[0.839s] DEBUG:colcon.colcon_core.event_reactor:joining thread
[0.844s] INFO:colcon.colcon_core.plugin_system:Skipping extension 'colcon_notification.desktop_notification.terminal_notifier': Not used on non-Darwin systems
[0.844s] INFO:colcon.colcon_core.plugin_system:Skipping extension 'colcon_notification.desktop_notification.win32': Not used on non-Windows systems
[0.844s] INFO:colcon.colcon_notification.desktop_notification:Sending desktop notification using 'notify2'
[0.852s] DEBUG:colcon.colcon_core.event_reactor:joined thread
[0.852s] INFO:colcon.colcon_core.shell:Creating prefix script '/home/dhaksana/ros2_ws/install/local_setup.ps1'
[0.853s] INFO:colcon.colcon_core.shell:Creating prefix util module '/home/dhaksana/ros2_ws/install/_local_setup_util_ps1.py'
[0.855s] INFO:colcon.colcon_core.shell:Creating prefix chain script '/home/dhaksana/ros2_ws/install/setup.ps1'
[0.856s] INFO:colcon.colcon_core.shell:Creating prefix script '/home/dhaksana/ros2_ws/install/local_setup.sh'
[0.857s] INFO:colcon.colcon_core.shell:Creating prefix util module '/home/dhaksana/ros2_ws/install/_local_setup_util_sh.py'
[0.858s] INFO:colcon.colcon_core.shell:Creating prefix chain script '/home/dhaksana/ros2_ws/install/setup.sh'
[0.859s] INFO:colcon.colcon_core.shell:Creating prefix script '/home/dhaksana/ros2_ws/install/local_setup.bash'
[0.860s] INFO:colcon.colcon_core.shell:Creating prefix chain script '/home/dhaksana/ros2_ws/install/setup.bash'
[0.861s] INFO:colcon.colcon_core.shell:Creating prefix script '/home/dhaksana/ros2_ws/install/local_setup.zsh'
[0.861s] INFO:colcon.colcon_core.shell:Creating prefix chain script '/home/dhaksana/ros2_ws/install/setup.zsh'
